2022-04-29 08:10:42 Beginning to create local version of public database
... creating working directory /home/olivier/openalyx_wd
... pruning local public database
Dataset IDs from files: ['2021_Q1_IBL_et_al_Behaviour_datasets.pqt', '2021_Q2_Varol_et_al_datasets.pqt', '2021_Q3_Whiteway_et_al_datasets.pqt', '2021_Q2_PreRelease_datasets.pqt', '2022_Q2_IBL_et_al_RepeatedSite_datasets.pqt']
Tags to keep: ['cfc4906a-316e-4150-8222-fe7e7f13bdac', '9dec1de8-389d-40f6-b00b-763e4fda6552', 'c8f0892a-a95b-4181-b8e6-d5d31cb97449', 'dcd8b2e5-3a32-41b4-ac15-085a208a4466', '05fbaa4e-681d-41c5-ae53-072cb96f4c0a']


Starting to prune public database
...pruning datasets
...pruning sessions
...pruning subjects
...pruning projects
...pruning labs and labmembers, anonymizing lab members
...pruning probe insertions
...deleting some tables
Finished pruning database

... creating sql dump of local public database
... copying sql dump to mbox as backup
2022-04-29 08:46:04 Finished creating local version of public database
2022-04-29 08:49:17 Beginning to upload database to openalyx RDS
... destroying the openalyx database
DROP SCHEMA
2022-04-29 08:51:27 Beginning to upload database to openalyx RDS
... destroying the openalyx database
2022-04-29 08:51:55 Beginning to upload database to openalyx RDS
... destroying the openalyx database
DROP SCHEMA
CREATE SCHEMA
... loading pruned database to openalyx
 set_config 
------------
 
(1 row)

 setval 
--------
      1
(1 row)

 setval 
--------
      1
(1 row)

 setval 
--------
 461910
(1 row)

 setval 
--------
     92
(1 row)

 setval 
--------
     84
(1 row)

 setval 
--------
  50976
(1 row)

 setval 
--------
 103144
(1 row)

 setval 
--------
   4176
(1 row)

 setval 
--------
   3248
(1 row)

 setval 
--------
      1
(1 row)

 setval 
--------
      1
(1 row)

 setval 
--------
     18
(1 row)

 setval 
--------
   2909
(1 row)

 setval 
--------
      2
(1 row)

 setval 
--------
    785
(1 row)

 setval 
--------
    280
(1 row)

 setval 
--------
 120596
(1 row)

 setval 
--------
      1
(1 row)

 setval 
--------
 127114
(1 row)

 setval 
--------
     70
(1 row)

 setval 
--------
     87
(1 row)

 setval  
---------
 3498081
(1 row)

 setval 
--------
 332245
(1 row)

 setval 
--------
     32
(1 row)

 setval 
--------
     29
(1 row)

 setval 
--------
    565
(1 row)

 setval 
--------
   1386
(1 row)

 setval 
--------
  33899
(1 row)

 setval  
---------
 3350386
(1 row)

 setval 
--------
     98
(1 row)

 setval 
--------
     99
(1 row)

 setval 
--------
    106
(1 row)

 setval 
--------
   1908
(1 row)

2022-04-29 08:56:20 Finished uploading database to openalyx RDS
