System check identified no issues (0 silenced).
actions
 [X] 0001_initial
 [X] 0002_auto_20181015_0914
 [X] 0003_auto_20181119_0930
 [X] 0004_auto_20181122_1923
 [X] 0005_auto_20190124_1025
 [X] 0006_cull_cullmethod_cullreason
 [X] 0007_session_qc
 [X] 0008_alter_session_qc
 [X] 0009_ephyssession
 [X] 0010_session_extended_qc
 [X] 0011_auto_20200317_1055
 [X] 0012_change_qc_enum
 [X] 0013_auto_20201119_0953
 [X] 0014_session_auto_datetime
 [X] 0015_auto_20210624_1253
 [X] 0016_chronicrecording
 [X] 0017_alter_chronicrecording_subject_and_more
 [X] 0018_session_projects_alter_session_project
 [X] 0019_imagingsession
 [X] 0020_alter_notification_notification_type_and_more
 [X] 0021_alter_session_extended_qc
 [X] 0022_project_to_projects
 [X] 0023_remove_session_project
 [X] 0024_surgery_implant_weight
 [X] 0025_move_implant_weight
 [X] 0026_alter_surgery_implant_weight
admin
 [X] 0001_initial
 [X] 0002_logentry_remove_auto_add
 [X] 0003_logentry_add_action_flag_choices
auth
 [X] 0001_initial
 [X] 0002_alter_permission_name_max_length
 [X] 0003_alter_user_email_max_length
 [X] 0004_alter_user_username_opts
 [X] 0005_alter_user_last_login_null
 [X] 0006_require_contenttypes_0002
 [X] 0007_alter_validators_add_error_messages
 [X] 0008_alter_user_username_max_length
 [X] 0009_alter_user_last_name_max_length
 [X] 0010_alter_group_name_max_length
 [X] 0011_update_proxy_permissions
 [X] 0012_alter_user_first_name_max_length
authtoken
 [X] 0001_initial
 [X] 0002_auto_20160226_1747
 [X] 0003_tokenproxy
 [X] 0004_alter_tokenproxy_options
contenttypes
 [X] 0001_initial
 [X] 0002_remove_content_type_name
data
 [X] 0001_initial
 [X] 0002_auto_20181015_0914
 [X] 0003_auto_20190315_1716
 [X] 0004_dataset_filesize_int64
 [X] 0005_dataset_collection
 [X] 0006_dataset_hash_version
 [X] 0007_dataset_auto_datetime
 [X] 0008_dataset_revision_tag
 [X] 0009_auto_20210624_1253
 [X] 0010_alter_dataset_created_by_and_more
 [X] 0011_alter_datasettype_filename_pattern
 [X] 0012_alter_datasettype_filename_pattern_and_more
 [X] 0013_dataset_content_type_dataset_object_id
 [X] 0014_alter_datasettype_filename_pattern
 [X] 0015_alter_datasettype_filename_pattern
 [X] 0016_alter_dataset_collection_alter_revision_name
 [X] 0017_alter_dataset_object_id
 [X] 0018_alter_dataset_collection_alter_revision_name
 [X] 0019_dataset_qc
 [X] 0020_alter_datarepository_timezone
 [X] 0021_alter_dataset_collection_alter_dataset_hash_and_more
experiments
 [X] 0001_initial
 [X] 0002_channels_20200402
 [X] 0003_probe_insertion_serial_20200504_1132
 [X] 0004_auto_20200519_2129
 [X] 0005_trajectoryestimate_datetime
 [X] 0006_auto_20201119_0953
 [X] 0007_probeinsertion_auto_datetime
 [X] 0008_probeinsertion_datasets
 [X] 0009_auto_20210624_1253
 [X] 0010_probeinsertion_chronic_recording
 [X] 0011_chronic_insertion
 [X] 0012_fov_imagingstack_imagingtype_alter_channel_lateral_and_more
 [X] 0013_remove_trajectoryestimate_unique_trajectory_per_provenance_and_more
 [X] 0014_alter_probeinsertion_chronic_insertion
jobs
 [X] 0001_initial
 [X] 0002_auto_20200629_0935
 [X] 0003_auto_20200705_2046
 [X] 0004_auto_20200731_0936
 [X] 0005_auto_20201119_0953
 [X] 0006_alter_task_status
 [X] 0007_remove_task_unique_task_name_per_session_and_more
 [X] 0008_task_data_repository
misc
 [X] 0001_initial
 [X] 0002_auto_20181119_0930
 [X] 0003_auto_20190124_1025
 [X] 0004_auto_20190309_1750
 [X] 0005_lab_repositories
 [X] 0006_labmember_allowed_users
 [X] 0007_auto_20200120_1223
 [X] 0008_auto_20210624_1253
 [X] 0009_auto_20211122_1535
 [X] 0010_alter_lab_timezone
 [X] 0011_alter_lab_name
reversion
 [X] 0001_squashed_0004_auto_20160611_1202
 [X] 0002_add_index_on_version_for_content_type_and_db
sessions
 [X] 0001_initial
subjects
 [X] 0001_initial
 [X] 0002_auto_20181015_1026
 [X] 0003_auto_20190124_1025
 [X] 0004_remove_project_repositories
 [X] 0005_auto_20191224_1035
 [X] 0006_auto_20200317_1055
 [X] 0007_auto_20200921_1346
 [X] 0008_auto_20201015_1320
 [X] 0009_auto_20201103_1434
 [X] 0010_auto_20210624_1253
 [X] 0011_alter_subject_nickname
 [X] 0012_alter_subject_nickname
 [X] 0013_remove_subject_implant_weight
2025-02-20 10:22:05 Beginning to create local version of public database
... creating working directory /home/ibladmin/openalyx_wd
... copying latest backup of production database
... destroying local public database
... rebuilding local public database from production
 set_config 
------------
 
(1 row)

 setval 
--------
      2
(1 row)

 setval 
--------
      2
(1 row)

 setval 
--------
 480807
(1 row)

 setval 
--------
    148
(1 row)

 setval 
--------
    139
(1 row)

 setval 
--------
  86738
(1 row)

 setval 
--------
  83594
(1 row)

 setval 
--------
 250881
(1 row)

 setval 
--------
   4750
(1 row)

 setval 
--------
   3549
(1 row)

 setval 
--------
      1
(1 row)

 setval 
--------
      1
(1 row)

 setval 
--------
     18
(1 row)

 setval 
--------
   3408
(1 row)

 setval 
--------
      2
(1 row)

 setval 
--------
   1469
(1 row)

 setval 
--------
    304
(1 row)

 setval 
--------
 373195
(1 row)

 setval 
--------
      1
(1 row)

 setval 
--------
 204734
(1 row)

 setval 
--------
     76
(1 row)

 setval 
--------
    121
(1 row)

 setval  
---------
 9046463
(1 row)

 setval 
--------
  13532
(1 row)

  setval  
----------
 28369412
(1 row)

 setval 
--------
 680821
(1 row)

 setval 
--------
     34
(1 row)

 setval 
--------
     86
(1 row)

 setval 
--------
   1211
(1 row)

 setval 
--------
   3588
(1 row)

 setval 
--------
  45427
(1 row)

 setval  
---------
 4758312
(1 row)

 setval 
--------
    112
(1 row)

 setval 
--------
    124
(1 row)

 setval 
--------
    149
(1 row)

 setval 
--------
   2651
(1 row)

No changes detected
Operations to perform:
  Apply all migrations: actions, admin, auth, authtoken, contenttypes, data, experiments, jobs, misc, reversion, sessions, subjects
Running migrations:
  No migrations to apply.
... pruning local public database
Dataset IDs from files: ['2021_Q1_IBL_et_al_Behaviour_datasets.pqt', '2021_Q2_Varol_et_al_datasets.pqt', '2021_Q3_Whiteway_et_al_datasets.pqt', '2021_Q2_PreRelease_datasets.pqt', '2022_Q2_IBL_et_al_RepeatedSite_datasets.pqt', '2022_Q3_IBL_et_al_DAWG_datasets.pqt', '2022_Q4_IBL_et_al_BWM_datasets.pqt', '2023_Q1_Mohammadi_et_al_datasets.pqt', '2023_Q1_Biderman_Whiteway_et_al_datasets.pqt', '2023_Q3_Findling_Hubert_et_al_datasets.pqt', '2023_Q4_Bruijns_et_al_datasets.pqt', '2023_Q4_IBL_et_al_BWM_2_datasets.pqt', '2023_Q4_IBL_et_al_BWM_passive_datasets.pqt', '2024_Q2_IBL_et_al_BWM_iblsort_datasets.pqt', '2024_Q2_IBL_et_al_RepeatedSite_datasets.pqt', '2024_Q2_Blau_et_al_datasets.pqt', '2024_Q3_Pan_Vazquez_et_al_datasets.pqt', '2025_Q1_IBL_et_al_BWM_wheel_patch_datasets.pqt']
Tags to keep: ['cfc4906a-316e-4150-8222-fe7e7f13bdac', '9dec1de8-389d-40f6-b00b-763e4fda6552', 'c8f0892a-a95b-4181-b8e6-d5d31cb97449', 'dcd8b2e5-3a32-41b4-ac15-085a208a4466', '05fbaa4e-681d-41c5-ae53-072cb96f4c0a', '1f2c5034-b31b-4c23-be93-c4a66c8c9eb1', '4df91a7a-faac-4894-800e-b306cafe9a8c', '9cba03f8-f491-43b2-9686-45309aee8657', '4984ea79-b162-49cc-8660-0dc6bbb7a5ff', '0f146f03-8dfe-44d6-84ef-e8fd24762fb2', 'a8f643f2-0b71-430f-a57a-485202fba2c1', '7f7cd406-bb25-470f-bae4-55b56c3acac5', '30734650-65f3-4653-a059-0687ae872c97', '66e0eec0-4ecf-4de8-a84c-a2bd8eda06f4', '9fc1593a-c3c1-4dea-8473-0948ed6a2904', '6828217e-6ae0-44ce-9c6a-bd30f6e523a6', '89b582ed-54d1-4b03-96a7-9ddb369cd07d', '3faeb797-0d60-4595-86f4-2712265e6291']


Starting to prune public database
...pruning datasets
...pruning sessions
...pruning subjects
...pruning projects
...pruning labs and labmembers, anonymizing lab members
...pruning probe insertions
...pruning cage, weight, water and food info
...deleting some tables
Finished pruning database

... creating sql dump of local public database
... copying sql dump to mbox as backup
2025-02-20 10:43:35 Finished creating local version of public database
